# JRE version: Java(TM) SE Runtime Environment (17.0.10+11) (build 17.0.10+11-LTS-240)
# Java VM: Java HotSpot(TM) 64-Bit Server VM (17.0.10+11-LTS-240, mixed mode, sharing, tiered, compressed oops, compressed class ptrs, g1 gc, windows-amd64)
GC Precious Log:
 CPUs: 4 total, 4 available
 Memory: 8067M
 Large Page Support: Disabled
 NUMA Support: Disabled
 Compressed Oops: Enabled (32-bit)
 Heap Region Size: 1M
 Heap Min Capacity: 8M
 Heap Initial Capacity: 128M
 Heap Max Capacity: 2018M
 Pre-touch: Disabled
 Parallel Workers: 4
 Concurrent Workers: 1
 Concurrent Refinement Workers: 4
 Periodic GC: Disabled
Heap:
 garbage-first heap   total 109568K, used 58449K [0x0000000081e00000, 0x0000000100000000)
  region size 1024K, 5 young (5120K), 5 survivors (5120K)
 Metaspace       used 75520K, committed 76288K, reserved 1179648K
  class space    used 9656K, committed 10048K, reserved 1048576K
GC Heap History (20 events):
Event: 6220.487 GC heap after
{Heap after GC invocations=85 (full 2):
 garbage-first heap   total 138240K, used 83995K [0x0000000081e00000, 0x0000000100000000)
  region size 1024K, 3 young (3072K), 3 survivors (3072K)
 Metaspace       used 74805K, committed 75584K, reserved 1179648K
  class space    used 9599K, committed 9984K, reserved 1048576K
}
Event: 6220.502 GC heap before
{Heap before GC invocations=85 (full 2):
 garbage-first heap   total 138240K, used 86043K [0x0000000081e00000, 0x0000000100000000)
  region size 1024K, 6 young (6144K), 3 survivors (3072K)
 Metaspace       used 74805K, committed 75584K, reserved 1179648K
  class space    used 9599K, committed 9984K, reserved 1048576K
}
Event: 6220.505 GC heap after
{Heap after GC invocations=86 (full 2):
 garbage-first heap   total 138240K, used 83419K [0x0000000081e00000, 0x0000000100000000)
  region size 1024K, 1 young (1024K), 1 survivors (1024K)
 Metaspace       used 74805K, committed 75584K, reserved 1179648K
  class space    used 9599K, committed 9984K, reserved 1048576K
}
Event: 6220.588 GC heap before
{Heap before GC invocations=86 (full 2):
 garbage-first heap   total 138240K, used 104923K [0x0000000081e00000, 0x0000000100000000)
  region size 1024K, 23 young (23552K), 1 survivors (1024K)
 Metaspace       used 74806K, committed 75584K, reserved 1179648K
  class space    used 9599K, committed 9984K, reserved 1048576K
}
Event: 6220.597 GC heap after
{Heap after GC invocations=87 (full 2):
 garbage-first heap   total 279552K, used 89819K [0x0000000081e00000, 0x0000000100000000)
  region size 1024K, 3 young (3072K), 3 survivors (3072K)
 Metaspace       used 74806K, committed 75584K, reserved 1179648K
  class space    used 9599K, committed 9984K, reserved 1048576K
}
Event: 6224.490 GC heap before
{Heap before GC invocations=87 (full 2):
 garbage-first heap   total 279552K, used 156379K [0x0000000081e00000, 0x0000000100000000)
  region size 1024K, 69 young (70656K), 3 survivors (3072K)
 Metaspace       used 74898K, committed 75712K, reserved 1179648K
  class space    used 9607K, committed 9984K, reserved 1048576K
}
Event: 6224.592 GC heap after
{Heap after GC invocations=88 (full 3):
 garbage-first heap   total 109568K, used 31385K [0x0000000081e00000, 0x0000000100000000)
  region size 1024K, 0 young (0K), 0 survivors (0K)
 Metaspace       used 74882K, committed 75712K, reserved 1179648K
  class space    used 9604K, committed 9984K, reserved 1048576K
}
Event: 6225.462 GC heap before
{Heap before GC invocations=88 (full 3):
 garbage-first heap   total 109568K, used 68249K [0x0000000081e00000, 0x0000000100000000)
  region size 1024K, 37 young (37888K), 0 survivors (0K)
 Metaspace       used 75111K, committed 75904K, reserved 1179648K
  class space    used 9628K, committed 9984K, reserved 1048576K
}
Event: 6225.469 GC heap after
{Heap after GC invocations=89 (full 3):
 garbage-first heap   total 109568K, used 34848K [0x0000000081e00000, 0x0000000100000000)
  region size 1024K, 4 young (4096K), 4 survivors (4096K)
 Metaspace       used 75111K, committed 75904K, reserved 1179648K
  class space    used 9628K, committed 9984K, reserved 1048576K
}
Event: 6226.767 GC heap before
{Heap before GC invocations=90 (full 3):
 garbage-first heap   total 109568K, used 72736K [0x0000000081e00000, 0x0000000100000000)
  region size 1024K, 41 young (41984K), 4 survivors (4096K)
 Metaspace       used 75399K, committed 76224K, reserved 1179648K
  class space    used 9643K, committed 10048K, reserved 1048576K
}
Event: 6226.773 GC heap after
{Heap after GC invocations=91 (full 3):
 garbage-first heap   total 109568K, used 37169K [0x0000000081e00000, 0x0000000100000000)
  region size 1024K, 3 young (3072K), 3 survivors (3072K)
 Metaspace       used 75399K, committed 76224K, reserved 1179648K
  class space    used 9643K, committed 10048K, reserved 1048576K
}
Event: 6227.176 GC heap before
{Heap before GC invocations=91 (full 3):
 garbage-first heap   total 109568K, used 68913K [0x0000000081e00000, 0x0000000100000000)
  region size 1024K, 35 young (35840K), 3 survivors (3072K)
 Metaspace       used 75506K, committed 76288K, reserved 1179648K
  class space    used 9654K, committed 10048K, reserved 1048576K
}
Event: 6227.181 GC heap after
{Heap after GC invocations=92 (full 3):
 garbage-first heap   total 109568K, used 38600K [0x0000000081e00000, 0x0000000100000000)
  region size 1024K, 4 young (4096K), 4 survivors (4096K)
 Metaspace       used 75506K, committed 76288K, reserved 1179648K
  class space    used 9654K, committed 10048K, reserved 1048576K
}
Event: 6227.659 GC heap before
{Heap before GC invocations=93 (full 3):
 garbage-first heap   total 109568K, used 79560K [0x0000000081e00000, 0x0000000100000000)
  region size 1024K, 43 young (44032K), 4 survivors (4096K)
 Metaspace       used 75507K, committed 76288K, reserved 1179648K
  class space    used 9654K, committed 10048K, reserved 1048576K
}
Event: 6227.664 GC heap after
{Heap after GC invocations=94 (full 3):
 garbage-first heap   total 109568K, used 39828K [0x0000000081e00000, 0x0000000100000000)
  region size 1024K, 2 young (2048K), 2 survivors (2048K)
 Metaspace       used 75507K, committed 76288K, reserved 1179648K
  class space    used 9654K, committed 10048K, reserved 1048576K
}
Event: 6227.668 GC heap before
{Heap before GC invocations=94 (full 3):
 garbage-first heap   total 109568K, used 42900K [0x0000000081e00000, 0x0000000100000000)
  region size 1024K, 5 young (5120K), 2 survivors (2048K)
 Metaspace       used 75507K, committed 76288K, reserved 1179648K
  class space    used 9654K, committed 10048K, reserved 1048576K
}
Event: 6227.682 GC heap after
{Heap after GC invocations=95 (full 3):
 garbage-first heap   total 109568K, used 39543K [0x0000000081e00000, 0x0000000100000000)
  region size 1024K, 1 young (1024K), 1 survivors (1024K)
 Metaspace       used 75507K, committed 76288K, reserved 1179648K
  class space    used 9654K, committed 10048K, reserved 1048576K
}
Event: 6228.492 GC heap before
{Heap before GC invocations=95 (full 3):
 garbage-first heap   total 109568K, used 82551K [0x0000000081e00000, 0x0000000100000000)
  region size 1024K, 44 young (45056K), 1 survivors (1024K)
 Metaspace       used 75510K, committed 76288K, reserved 1179648K
  class space    used 9654K, committed 10048K, reserved 1048576K
}
Event: 6228.503 GC heap after
{Heap after GC invocations=96 (full 3):
 garbage-first heap   total 109568K, used 50368K [0x0000000081e00000, 0x0000000100000000)
  region size 1024K, 6 young (6144K), 6 survivors (6144K)
 Metaspace       used 75510K, committed 76288K, reserved 1179648K
  class space    used 9654K, committed 10048K, reserved 1048576K
}
Event: 6228.833 GC heap before
{Heap before GC invocations=96 (full 3):
 garbage-first heap   total 109568K, used 80064K [0x0000000081e00000, 0x0000000100000000)
  region size 1024K, 36 young (36864K), 6 survivors (6144K)
 Metaspace       used 75520K, committed 76288K, reserved 1179648K
  class space    used 9656K, committed 10048K, reserved 1048576K
}

