# JRE version: Java(TM) SE Runtime Environment (17.0.10+11) (build 17.0.10+11-LTS-240)
# Java VM: Java HotSpot(TM) 64-Bit Server VM (17.0.10+11-LTS-240, mixed mode, sharing, tiered, compressed oops, compressed class ptrs, g1 gc, windows-amd64)
GC Precious Log:
 CPUs: 4 total, 4 available
 Memory: 8067M
 Large Page Support: Disabled
 NUMA Support: Disabled
 Compressed Oops: Enabled (32-bit)
 Heap Region Size: 1M
 Heap Min Capacity: 8M
 Heap Initial Capacity: 128M
 Heap Max Capacity: 2018M
 Pre-touch: Disabled
 Parallel Workers: 4
 Concurrent Workers: 1
 Concurrent Refinement Workers: 4
 Periodic GC: Disabled
Heap:
 garbage-first heap   total 58368K, used 34988K [0x0000000081e00000, 0x0000000100000000)
  region size 1024K, 11 young (11264K), 2 survivors (2048K)
 Metaspace       used 59601K, committed 60160K, reserved 1114112K
  class space    used 8061K, committed 8320K, reserved 1048576K
GC Heap History (20 events):
Event: 4.139 GC heap before
{Heap before GC invocations=7 (full 0):
 garbage-first heap   total 48128K, used 16817K [0x0000000081e00000, 0x0000000100000000)
  region size 1024K, 5 young (5120K), 4 survivors (4096K)
 Metaspace       used 25319K, committed 25728K, reserved 1114112K
  class space    used 3255K, committed 3456K, reserved 1048576K
}
Event: 4.149 GC heap after
{Heap after GC invocations=8 (full 0):
 garbage-first heap   total 48128K, used 16066K [0x0000000081e00000, 0x0000000100000000)
  region size 1024K, 1 young (1024K), 1 survivors (1024K)
 Metaspace       used 25319K, committed 25728K, reserved 1114112K
  class space    used 3255K, committed 3456K, reserved 1048576K
}
Event: 4.732 GC heap before
{Heap before GC invocations=8 (full 0):
 garbage-first heap   total 48128K, used 33474K [0x0000000081e00000, 0x0000000100000000)
  region size 1024K, 18 young (18432K), 1 survivors (1024K)
 Metaspace       used 28549K, committed 28992K, reserved 1114112K
  class space    used 3635K, committed 3840K, reserved 1048576K
}
Event: 4.736 GC heap after
{Heap after GC invocations=9 (full 0):
 garbage-first heap   total 48128K, used 16829K [0x0000000081e00000, 0x0000000100000000)
  region size 1024K, 2 young (2048K), 2 survivors (2048K)
 Metaspace       used 28549K, committed 28992K, reserved 1114112K
  class space    used 3635K, committed 3840K, reserved 1048576K
}
Event: 5.302 GC heap before
{Heap before GC invocations=9 (full 0):
 garbage-first heap   total 48128K, used 34237K [0x0000000081e00000, 0x0000000100000000)
  region size 1024K, 19 young (19456K), 2 survivors (2048K)
 Metaspace       used 32354K, committed 32832K, reserved 1114112K
  class space    used 4190K, committed 4416K, reserved 1048576K
}
Event: 5.306 GC heap after
{Heap after GC invocations=10 (full 0):
 garbage-first heap   total 48128K, used 17606K [0x0000000081e00000, 0x0000000100000000)
  region size 1024K, 3 young (3072K), 3 survivors (3072K)
 Metaspace       used 32354K, committed 32832K, reserved 1114112K
  class space    used 4190K, committed 4416K, reserved 1048576K
}
Event: 5.666 GC heap before
{Heap before GC invocations=10 (full 0):
 garbage-first heap   total 48128K, used 28870K [0x0000000081e00000, 0x0000000100000000)
  region size 1024K, 16 young (16384K), 3 survivors (3072K)
 Metaspace       used 35562K, committed 35968K, reserved 1114112K
  class space    used 4663K, committed 4864K, reserved 1048576K
}
Event: 5.670 GC heap after
{Heap after GC invocations=11 (full 0):
 garbage-first heap   total 48128K, used 18520K [0x0000000081e00000, 0x0000000100000000)
  region size 1024K, 2 young (2048K), 2 survivors (2048K)
 Metaspace       used 35562K, committed 35968K, reserved 1114112K
  class space    used 4663K, committed 4864K, reserved 1048576K
}
Event: 6.299 GC heap before
{Heap before GC invocations=12 (full 0):
 garbage-first heap   total 48128K, used 36952K [0x0000000081e00000, 0x0000000100000000)
  region size 1024K, 20 young (20480K), 2 survivors (2048K)
 Metaspace       used 40638K, committed 41152K, reserved 1114112K
  class space    used 5342K, committed 5568K, reserved 1048576K
}
Event: 6.304 GC heap after
{Heap after GC invocations=13 (full 0):
 garbage-first heap   total 48128K, used 20431K [0x0000000081e00000, 0x0000000100000000)
  region size 1024K, 3 young (3072K), 3 survivors (3072K)
 Metaspace       used 40638K, committed 41152K, reserved 1114112K
  class space    used 5342K, committed 5568K, reserved 1048576K
}
Event: 6.329 GC heap before
{Heap before GC invocations=13 (full 0):
 garbage-first heap   total 48128K, used 20431K [0x0000000081e00000, 0x0000000100000000)
  region size 1024K, 4 young (4096K), 3 survivors (3072K)
 Metaspace       used 40806K, committed 41280K, reserved 1114112K
  class space    used 5364K, committed 5568K, reserved 1048576K
}
Event: 6.333 GC heap after
{Heap after GC invocations=14 (full 0):
 garbage-first heap   total 58368K, used 20592K [0x0000000081e00000, 0x0000000100000000)
  region size 1024K, 1 young (1024K), 1 survivors (1024K)
 Metaspace       used 40806K, committed 41280K, reserved 1114112K
  class space    used 5364K, committed 5568K, reserved 1048576K
}
Event: 6.923 GC heap before
{Heap before GC invocations=14 (full 0):
 garbage-first heap   total 58368K, used 43120K [0x0000000081e00000, 0x0000000100000000)
  region size 1024K, 24 young (24576K), 1 survivors (1024K)
 Metaspace       used 47655K, committed 48192K, reserved 1114112K
  class space    used 6406K, committed 6656K, reserved 1048576K
}
Event: 6.927 GC heap after
{Heap after GC invocations=15 (full 0):
 garbage-first heap   total 58368K, used 21314K [0x0000000081e00000, 0x0000000100000000)
  region size 1024K, 2 young (2048K), 2 survivors (2048K)
 Metaspace       used 47655K, committed 48192K, reserved 1114112K
  class space    used 6406K, committed 6656K, reserved 1048576K
}
Event: 7.579 GC heap before
{Heap before GC invocations=15 (full 0):
 garbage-first heap   total 58368K, used 43842K [0x0000000081e00000, 0x0000000100000000)
  region size 1024K, 25 young (25600K), 2 survivors (2048K)
 Metaspace       used 52581K, committed 53056K, reserved 1114112K
  class space    used 7169K, committed 7424K, reserved 1048576K
}
Event: 7.591 GC heap after
{Heap after GC invocations=16 (full 0):
 garbage-first heap   total 58368K, used 22859K [0x0000000081e00000, 0x0000000100000000)
  region size 1024K, 3 young (3072K), 3 survivors (3072K)
 Metaspace       used 52581K, committed 53056K, reserved 1114112K
  class space    used 7169K, committed 7424K, reserved 1048576K
}
Event: 8.145 GC heap before
{Heap before GC invocations=16 (full 0):
 garbage-first heap   total 58368K, used 45387K [0x0000000081e00000, 0x0000000100000000)
  region size 1024K, 25 young (25600K), 3 survivors (3072K)
 Metaspace       used 55956K, committed 56448K, reserved 1114112K
  class space    used 7553K, committed 7808K, reserved 1048576K
}
Event: 8.153 GC heap after
{Heap after GC invocations=17 (full 0):
 garbage-first heap   total 58368K, used 25284K [0x0000000081e00000, 0x0000000100000000)
  region size 1024K, 4 young (4096K), 4 survivors (4096K)
 Metaspace       used 55956K, committed 56448K, reserved 1114112K
  class space    used 7553K, committed 7808K, reserved 1048576K
}
Event: 49.355 GC heap before
{Heap before GC invocations=17 (full 0):
 garbage-first heap   total 58368K, used 45764K [0x0000000081e00000, 0x0000000100000000)
  region size 1024K, 24 young (24576K), 4 survivors (4096K)
 Metaspace       used 59478K, committed 60032K, reserved 1114112K
  class space    used 8060K, committed 8320K, reserved 1048576K
}
Event: 49.376 GC heap after
{Heap after GC invocations=18 (full 0):
 garbage-first heap   total 58368K, used 26796K [0x0000000081e00000, 0x0000000100000000)
  region size 1024K, 2 young (2048K), 2 survivors (2048K)
 Metaspace       used 59478K, committed 60032K, reserved 1114112K
  class space    used 8060K, committed 8320K, reserved 1048576K
}

