# JRE version: Java(TM) SE Runtime Environment (17.0.10+11) (build 17.0.10+11-LTS-240)
# Java VM: Java HotSpot(TM) 64-Bit Server VM (17.0.10+11-LTS-240, mixed mode, sharing, tiered, compressed oops, compressed class ptrs, g1 gc, windows-amd64)
GC Precious Log:
 CPUs: 4 total, 4 available
 Memory: 8067M
 Large Page Support: Disabled
 NUMA Support: Disabled
 Compressed Oops: Enabled (32-bit)
 Heap Region Size: 1M
 Heap Min Capacity: 8M
 Heap Initial Capacity: 128M
 Heap Max Capacity: 2018M
 Pre-touch: Disabled
 Parallel Workers: 4
 Concurrent Workers: 1
 Concurrent Refinement Workers: 4
 Periodic GC: Disabled
Heap:
 garbage-first heap   total 58368K, used 31607K [0x0000000081e00000, 0x0000000100000000)
  region size 1024K, 8 young (8192K), 2 survivors (2048K)
 Metaspace       used 58711K, committed 59200K, reserved 1114112K
  class space    used 7963K, committed 8192K, reserved 1048576K
GC Heap History (20 events):
Event: 4.527 GC heap before
{Heap before GC invocations=5 (full 0):
 garbage-first heap   total 48128K, used 36809K [0x0000000081e00000, 0x0000000100000000)
  region size 1024K, 31 young (31744K), 7 survivors (7168K)
 Metaspace       used 25307K, committed 25728K, reserved 1114112K
  class space    used 3257K, committed 3456K, reserved 1048576K
}
Event: 4.541 GC heap after
{Heap after GC invocations=6 (full 0):
 garbage-first heap   total 48128K, used 15618K [0x0000000081e00000, 0x0000000100000000)
  region size 1024K, 7 young (7168K), 7 survivors (7168K)
 Metaspace       used 25307K, committed 25728K, reserved 1114112K
  class space    used 3257K, committed 3456K, reserved 1048576K
}
Event: 5.211 GC heap before
{Heap before GC invocations=6 (full 0):
 garbage-first heap   total 48128K, used 32002K [0x0000000081e00000, 0x0000000100000000)
  region size 1024K, 24 young (24576K), 7 survivors (7168K)
 Metaspace       used 28527K, committed 28992K, reserved 1114112K
  class space    used 3633K, committed 3840K, reserved 1048576K
}
Event: 5.223 GC heap after
{Heap after GC invocations=7 (full 0):
 garbage-first heap   total 48128K, used 17254K [0x0000000081e00000, 0x0000000100000000)
  region size 1024K, 2 young (2048K), 2 survivors (2048K)
 Metaspace       used 28527K, committed 28992K, reserved 1114112K
  class space    used 3633K, committed 3840K, reserved 1048576K
}
Event: 5.904 GC heap before
{Heap before GC invocations=7 (full 0):
 garbage-first heap   total 48128K, used 34662K [0x0000000081e00000, 0x0000000100000000)
  region size 1024K, 19 young (19456K), 2 survivors (2048K)
 Metaspace       used 32307K, committed 32768K, reserved 1114112K
  class space    used 4187K, committed 4416K, reserved 1048576K
}
Event: 5.912 GC heap after
{Heap after GC invocations=8 (full 0):
 garbage-first heap   total 48128K, used 17753K [0x0000000081e00000, 0x0000000100000000)
  region size 1024K, 3 young (3072K), 3 survivors (3072K)
 Metaspace       used 32307K, committed 32768K, reserved 1114112K
  class space    used 4187K, committed 4416K, reserved 1048576K
}
Event: 6.373 GC heap before
{Heap before GC invocations=8 (full 0):
 garbage-first heap   total 48128K, used 29017K [0x0000000081e00000, 0x0000000100000000)
  region size 1024K, 16 young (16384K), 3 survivors (3072K)
 Metaspace       used 35699K, committed 36096K, reserved 1114112K
  class space    used 4677K, committed 4864K, reserved 1048576K
}
Event: 6.378 GC heap after
{Heap after GC invocations=9 (full 0):
 garbage-first heap   total 48128K, used 18624K [0x0000000081e00000, 0x0000000100000000)
  region size 1024K, 2 young (2048K), 2 survivors (2048K)
 Metaspace       used 35699K, committed 36096K, reserved 1114112K
  class space    used 4677K, committed 4864K, reserved 1048576K
}
Event: 7.071 GC heap before
{Heap before GC invocations=10 (full 0):
 garbage-first heap   total 48128K, used 36032K [0x0000000081e00000, 0x0000000100000000)
  region size 1024K, 19 young (19456K), 2 survivors (2048K)
 Metaspace       used 40483K, committed 41024K, reserved 1114112K
  class space    used 5321K, committed 5568K, reserved 1048576K
}
Event: 7.077 GC heap after
{Heap after GC invocations=11 (full 0):
 garbage-first heap   total 48128K, used 20552K [0x0000000081e00000, 0x0000000100000000)
  region size 1024K, 3 young (3072K), 3 survivors (3072K)
 Metaspace       used 40483K, committed 41024K, reserved 1114112K
  class space    used 5321K, committed 5568K, reserved 1048576K
}
Event: 7.624 GC heap before
{Heap before GC invocations=12 (full 0):
 garbage-first heap   total 48128K, used 34888K [0x0000000081e00000, 0x0000000100000000)
  region size 1024K, 18 young (18432K), 3 survivors (3072K)
 Metaspace       used 44401K, committed 44864K, reserved 1114112K
  class space    used 5783K, committed 6016K, reserved 1048576K
}
Event: 7.630 GC heap after
{Heap after GC invocations=13 (full 0):
 garbage-first heap   total 48128K, used 21278K [0x0000000081e00000, 0x0000000100000000)
  region size 1024K, 1 young (1024K), 1 survivors (1024K)
 Metaspace       used 44401K, committed 44864K, reserved 1114112K
  class space    used 5783K, committed 6016K, reserved 1048576K
}
Event: 7.676 GC heap before
{Heap before GC invocations=13 (full 0):
 garbage-first heap   total 48128K, used 22302K [0x0000000081e00000, 0x0000000100000000)
  region size 1024K, 2 young (2048K), 1 survivors (1024K)
 Metaspace       used 45028K, committed 45504K, reserved 1114112K
  class space    used 6030K, committed 6272K, reserved 1048576K
}
Event: 7.678 GC heap after
{Heap after GC invocations=14 (full 0):
 garbage-first heap   total 58368K, used 21263K [0x0000000081e00000, 0x0000000100000000)
  region size 1024K, 1 young (1024K), 1 survivors (1024K)
 Metaspace       used 45028K, committed 45504K, reserved 1114112K
  class space    used 6030K, committed 6272K, reserved 1048576K
}
Event: 8.564 GC heap before
{Heap before GC invocations=14 (full 0):
 garbage-first heap   total 58368K, used 43791K [0x0000000081e00000, 0x0000000100000000)
  region size 1024K, 24 young (24576K), 1 survivors (1024K)
 Metaspace       used 51469K, committed 52032K, reserved 1114112K
  class space    used 7025K, committed 7296K, reserved 1048576K
}
Event: 8.566 GC heap after
{Heap after GC invocations=15 (full 0):
 garbage-first heap   total 58368K, used 22025K [0x0000000081e00000, 0x0000000100000000)
  region size 1024K, 1 young (1024K), 1 survivors (1024K)
 Metaspace       used 51469K, committed 52032K, reserved 1114112K
  class space    used 7025K, committed 7296K, reserved 1048576K
}
Event: 9.300 GC heap before
{Heap before GC invocations=15 (full 0):
 garbage-first heap   total 58368K, used 45577K [0x0000000081e00000, 0x0000000100000000)
  region size 1024K, 24 young (24576K), 1 survivors (1024K)
 Metaspace       used 54610K, committed 55104K, reserved 1114112K
  class space    used 7444K, committed 7680K, reserved 1048576K
}
Event: 9.306 GC heap after
{Heap after GC invocations=16 (full 0):
 garbage-first heap   total 58368K, used 24655K [0x0000000081e00000, 0x0000000100000000)
  region size 1024K, 3 young (3072K), 3 survivors (3072K)
 Metaspace       used 54610K, committed 55104K, reserved 1114112K
  class space    used 7444K, committed 7680K, reserved 1048576K
}
Event: 9.776 GC heap before
{Heap before GC invocations=16 (full 0):
 garbage-first heap   total 58368K, used 45135K [0x0000000081e00000, 0x0000000100000000)
  region size 1024K, 23 young (23552K), 3 survivors (3072K)
 Metaspace       used 57610K, committed 58112K, reserved 1114112K
  class space    used 7826K, committed 8064K, reserved 1048576K
}
Event: 9.785 GC heap after
{Heap after GC invocations=17 (full 0):
 garbage-first heap   total 58368K, used 26487K [0x0000000081e00000, 0x0000000100000000)
  region size 1024K, 2 young (2048K), 2 survivors (2048K)
 Metaspace       used 57610K, committed 58112K, reserved 1114112K
  class space    used 7826K, committed 8064K, reserved 1048576K
}

