# JRE version: Java(TM) SE Runtime Environment (17.0.10+11) (build 17.0.10+11-LTS-240)
# Java VM: Java HotSpot(TM) 64-Bit Server VM (17.0.10+11-LTS-240, mixed mode, sharing, tiered, compressed oops, compressed class ptrs, g1 gc, windows-amd64)
GC Precious Log:
 CPUs: 4 total, 4 available
 Memory: 8067M
 Large Page Support: Disabled
 NUMA Support: Disabled
 Compressed Oops: Enabled (32-bit)
 Heap Region Size: 1M
 Heap Min Capacity: 8M
 Heap Initial Capacity: 128M
 Heap Max Capacity: 2018M
 Pre-touch: Disabled
 Parallel Workers: 4
 Concurrent Workers: 1
 Concurrent Refinement Workers: 4
 Periodic GC: Disabled
Heap:
 garbage-first heap   total 141312K, used 95232K [0x0000000081e00000, 0x0000000100000000)
  region size 1024K, 29 young (29696K), 6 survivors (6144K)
 Metaspace       used 66068K, committed 66560K, reserved 1114112K
  class space    used 8912K, committed 9152K, reserved 1048576K
GC Heap History (20 events):
Event: 8.937 GC heap before
{Heap before GC invocations=16 (full 0):
 garbage-first heap   total 70656K, used 54572K [0x0000000081e00000, 0x0000000100000000)
  region size 1024K, 33 young (33792K), 3 survivors (3072K)
 Metaspace       used 55526K, committed 56000K, reserved 1114112K
  class space    used 7573K, committed 7808K, reserved 1048576K
}
Event: 8.942 GC heap after
{Heap after GC invocations=17 (full 0):
 garbage-first heap   total 70656K, used 25352K [0x0000000081e00000, 0x0000000100000000)
  region size 1024K, 4 young (4096K), 4 survivors (4096K)
 Metaspace       used 55526K, committed 56000K, reserved 1114112K
  class space    used 7573K, committed 7808K, reserved 1048576K
}
Event: 8.977 GC heap before
{Heap before GC invocations=17 (full 0):
 garbage-first heap   total 70656K, used 26376K [0x0000000081e00000, 0x0000000100000000)
  region size 1024K, 5 young (5120K), 4 survivors (4096K)
 Metaspace       used 55652K, committed 56192K, reserved 1114112K
  class space    used 7598K, committed 7872K, reserved 1048576K
}
Event: 8.984 GC heap after
{Heap after GC invocations=18 (full 0):
 garbage-first heap   total 70656K, used 25640K [0x0000000081e00000, 0x0000000100000000)
  region size 1024K, 1 young (1024K), 1 survivors (1024K)
 Metaspace       used 55652K, committed 56192K, reserved 1114112K
  class space    used 7598K, committed 7872K, reserved 1048576K
}
Event: 9.414 GC heap before
{Heap before GC invocations=18 (full 0):
 garbage-first heap   total 70656K, used 56360K [0x0000000081e00000, 0x0000000100000000)
  region size 1024K, 31 young (31744K), 1 survivors (1024K)
 Metaspace       used 57663K, committed 58176K, reserved 1114112K
  class space    used 7868K, committed 8128K, reserved 1048576K
}
Event: 9.418 GC heap after
{Heap after GC invocations=19 (full 0):
 garbage-first heap   total 70656K, used 26453K [0x0000000081e00000, 0x0000000100000000)
  region size 1024K, 2 young (2048K), 2 survivors (2048K)
 Metaspace       used 57663K, committed 58176K, reserved 1114112K
  class space    used 7868K, committed 8128K, reserved 1048576K
}
Event: 9.971 GC heap before
{Heap before GC invocations=19 (full 0):
 garbage-first heap   total 70656K, used 56149K [0x0000000081e00000, 0x0000000100000000)
  region size 1024K, 31 young (31744K), 2 survivors (2048K)
 Metaspace       used 60449K, committed 60992K, reserved 1114112K
  class space    used 8258K, committed 8512K, reserved 1048576K
}
Event: 9.976 GC heap after
{Heap after GC invocations=20 (full 0):
 garbage-first heap   total 70656K, used 28098K [0x0000000081e00000, 0x0000000100000000)
  region size 1024K, 3 young (3072K), 3 survivors (3072K)
 Metaspace       used 60449K, committed 60992K, reserved 1114112K
  class space    used 8258K, committed 8512K, reserved 1048576K
}
Event: 10.502 GC heap before
{Heap before GC invocations=20 (full 0):
 garbage-first heap   total 70656K, used 57794K [0x0000000081e00000, 0x0000000100000000)
  region size 1024K, 31 young (31744K), 3 survivors (3072K)
 Metaspace       used 62243K, committed 62784K, reserved 1114112K
  class space    used 8452K, committed 8704K, reserved 1048576K
}
Event: 10.511 GC heap after
{Heap after GC invocations=21 (full 0):
 garbage-first heap   total 70656K, used 33332K [0x0000000081e00000, 0x0000000100000000)
  region size 1024K, 4 young (4096K), 4 survivors (4096K)
 Metaspace       used 62243K, committed 62784K, reserved 1114112K
  class space    used 8452K, committed 8704K, reserved 1048576K
}
Event: 10.733 GC heap before
{Heap before GC invocations=21 (full 0):
 garbage-first heap   total 70656K, used 54836K [0x0000000081e00000, 0x0000000100000000)
  region size 1024K, 26 young (26624K), 4 survivors (4096K)
 Metaspace       used 62314K, committed 62848K, reserved 1114112K
  class space    used 8453K, committed 8704K, reserved 1048576K
}
Event: 10.742 GC heap after
{Heap after GC invocations=22 (full 0):
 garbage-first heap   total 70656K, used 38404K [0x0000000081e00000, 0x0000000100000000)
  region size 1024K, 4 young (4096K), 4 survivors (4096K)
 Metaspace       used 62314K, committed 62848K, reserved 1114112K
  class space    used 8453K, committed 8704K, reserved 1048576K
}
Event: 10.929 GC heap before
{Heap before GC invocations=22 (full 0):
 garbage-first heap   total 70656K, used 54788K [0x0000000081e00000, 0x0000000100000000)
  region size 1024K, 19 young (19456K), 4 survivors (4096K)
 Metaspace       used 62449K, committed 62976K, reserved 1114112K
  class space    used 8464K, committed 8704K, reserved 1048576K
}
Event: 10.936 GC heap after
{Heap after GC invocations=23 (full 0):
 garbage-first heap   total 141312K, used 43507K [0x0000000081e00000, 0x0000000100000000)
  region size 1024K, 3 young (3072K), 3 survivors (3072K)
 Metaspace       used 62449K, committed 62976K, reserved 1114112K
  class space    used 8464K, committed 8704K, reserved 1048576K
}
Event: 11.361 GC heap before
{Heap before GC invocations=23 (full 0):
 garbage-first heap   total 141312K, used 92659K [0x0000000081e00000, 0x0000000100000000)
  region size 1024K, 50 young (51200K), 3 survivors (3072K)
 Metaspace       used 62564K, committed 63104K, reserved 1114112K
  class space    used 8464K, committed 8704K, reserved 1048576K
}
Event: 11.376 GC heap after
{Heap after GC invocations=24 (full 0):
 garbage-first heap   total 141312K, used 54503K [0x0000000081e00000, 0x0000000100000000)
  region size 1024K, 7 young (7168K), 7 survivors (7168K)
 Metaspace       used 62564K, committed 63104K, reserved 1114112K
  class space    used 8464K, committed 8704K, reserved 1048576K
}
Event: 11.661 GC heap before
{Heap before GC invocations=24 (full 0):
 garbage-first heap   total 141312K, used 96487K [0x0000000081e00000, 0x0000000100000000)
  region size 1024K, 48 young (49152K), 7 survivors (7168K)
 Metaspace       used 62635K, committed 63168K, reserved 1114112K
  class space    used 8471K, committed 8704K, reserved 1048576K
}
Event: 11.676 GC heap after
{Heap after GC invocations=25 (full 0):
 garbage-first heap   total 141312K, used 65875K [0x0000000081e00000, 0x0000000100000000)
  region size 1024K, 6 young (6144K), 6 survivors (6144K)
 Metaspace       used 62635K, committed 63168K, reserved 1114112K
  class space    used 8471K, committed 8704K, reserved 1048576K
}
Event: 12.110 GC heap before
{Heap before GC invocations=25 (full 0):
 garbage-first heap   total 141312K, used 100691K [0x0000000081e00000, 0x0000000100000000)
  region size 1024K, 41 young (41984K), 6 survivors (6144K)
 Metaspace       used 63962K, committed 64448K, reserved 1114112K
  class space    used 8670K, committed 8896K, reserved 1048576K
}
Event: 12.125 GC heap after
{Heap after GC invocations=26 (full 0):
 garbage-first heap   total 141312K, used 73728K [0x0000000081e00000, 0x0000000100000000)
  region size 1024K, 6 young (6144K), 6 survivors (6144K)
 Metaspace       used 63962K, committed 64448K, reserved 1114112K
  class space    used 8670K, committed 8896K, reserved 1048576K
}

