# JRE version: Java(TM) SE Runtime Environment (17.0.10+11) (build 17.0.10+11-LTS-240)
# Java VM: Java HotSpot(TM) 64-Bit Server VM (17.0.10+11-LTS-240, mixed mode, sharing, tiered, compressed oops, compressed class ptrs, g1 gc, windows-amd64)
GC Precious Log:
 CPUs: 4 total, 4 available
 Memory: 8067M
 Large Page Support: Disabled
 NUMA Support: Disabled
 Compressed Oops: Enabled (32-bit)
 Heap Region Size: 1M
 Heap Min Capacity: 8M
 Heap Initial Capacity: 128M
 Heap Max Capacity: 2018M
 Pre-touch: Disabled
 Parallel Workers: 4
 Concurrent Workers: 1
 Concurrent Refinement Workers: 4
 Periodic GC: Disabled
Heap:
 garbage-first heap   total 78848K, used 28079K [0x0000000081e00000, 0x0000000100000000)
  region size 1024K, 3 young (3072K), 1 survivors (1024K)
 Metaspace       used 59971K, committed 60544K, reserved 1114112K
  class space    used 8134K, committed 8384K, reserved 1048576K
GC Heap History (20 events):
Event: 4.572 GC heap before
{Heap before GC invocations=5 (full 0):
 garbage-first heap   total 48128K, used 37861K [0x0000000081e00000, 0x0000000100000000)
  region size 1024K, 32 young (32768K), 7 survivors (7168K)
 Metaspace       used 25346K, committed 25792K, reserved 1114112K
  class space    used 3266K, committed 3456K, reserved 1048576K
}
Event: 4.588 GC heap after
{Heap after GC invocations=6 (full 0):
 garbage-first heap   total 49152K, used 15775K [0x0000000081e00000, 0x0000000100000000)
  region size 1024K, 7 young (7168K), 7 survivors (7168K)
 Metaspace       used 25346K, committed 25792K, reserved 1114112K
  class space    used 3266K, committed 3456K, reserved 1048576K
}
Event: 5.201 GC heap before
{Heap before GC invocations=6 (full 0):
 garbage-first heap   total 49152K, used 33183K [0x0000000081e00000, 0x0000000100000000)
  region size 1024K, 25 young (25600K), 7 survivors (7168K)
 Metaspace       used 28550K, committed 28992K, reserved 1114112K
  class space    used 3639K, committed 3840K, reserved 1048576K
}
Event: 5.211 GC heap after
{Heap after GC invocations=7 (full 0):
 garbage-first heap   total 49152K, used 17201K [0x0000000081e00000, 0x0000000100000000)
  region size 1024K, 2 young (2048K), 2 survivors (2048K)
 Metaspace       used 28550K, committed 28992K, reserved 1114112K
  class space    used 3639K, committed 3840K, reserved 1048576K
}
Event: 5.935 GC heap before
{Heap before GC invocations=7 (full 0):
 garbage-first heap   total 49152K, used 33585K [0x0000000081e00000, 0x0000000100000000)
  region size 1024K, 19 young (19456K), 2 survivors (2048K)
 Metaspace       used 32698K, committed 33216K, reserved 1114112K
  class space    used 4244K, committed 4480K, reserved 1048576K
}
Event: 5.940 GC heap after
{Heap after GC invocations=8 (full 0):
 garbage-first heap   total 49152K, used 17984K [0x0000000081e00000, 0x0000000100000000)
  region size 1024K, 3 young (3072K), 3 survivors (3072K)
 Metaspace       used 32698K, committed 33216K, reserved 1114112K
  class space    used 4244K, committed 4480K, reserved 1048576K
}
Event: 6.339 GC heap before
{Heap before GC invocations=8 (full 0):
 garbage-first heap   total 49152K, used 28224K [0x0000000081e00000, 0x0000000100000000)
  region size 1024K, 14 young (14336K), 3 survivors (3072K)
 Metaspace       used 35563K, committed 35968K, reserved 1114112K
  class space    used 4655K, committed 4864K, reserved 1048576K
}
Event: 6.344 GC heap after
{Heap after GC invocations=9 (full 0):
 garbage-first heap   total 49152K, used 18796K [0x0000000081e00000, 0x0000000100000000)
  region size 1024K, 2 young (2048K), 2 survivors (2048K)
 Metaspace       used 35563K, committed 35968K, reserved 1114112K
  class space    used 4655K, committed 4864K, reserved 1048576K
}
Event: 7.009 GC heap before
{Heap before GC invocations=10 (full 0):
 garbage-first heap   total 49152K, used 37228K [0x0000000081e00000, 0x0000000100000000)
  region size 1024K, 20 young (20480K), 2 survivors (2048K)
 Metaspace       used 40575K, committed 41088K, reserved 1114112K
  class space    used 5337K, committed 5568K, reserved 1048576K
}
Event: 7.014 GC heap after
{Heap after GC invocations=11 (full 0):
 garbage-first heap   total 49152K, used 20542K [0x0000000081e00000, 0x0000000100000000)
  region size 1024K, 3 young (3072K), 3 survivors (3072K)
 Metaspace       used 40575K, committed 41088K, reserved 1114112K
  class space    used 5337K, committed 5568K, reserved 1048576K
}
Event: 7.041 GC heap before
{Heap before GC invocations=11 (full 0):
 garbage-first heap   total 49152K, used 21566K [0x0000000081e00000, 0x0000000100000000)
  region size 1024K, 4 young (4096K), 3 survivors (3072K)
 Metaspace       used 40770K, committed 41280K, reserved 1114112K
  class space    used 5366K, committed 5568K, reserved 1048576K
}
Event: 7.047 GC heap after
{Heap after GC invocations=12 (full 0):
 garbage-first heap   total 49152K, used 20717K [0x0000000081e00000, 0x0000000100000000)
  region size 1024K, 1 young (1024K), 1 survivors (1024K)
 Metaspace       used 40770K, committed 41280K, reserved 1114112K
  class space    used 5366K, committed 5568K, reserved 1048576K
}
Event: 7.475 GC heap before
{Heap before GC invocations=12 (full 0):
 garbage-first heap   total 49152K, used 36077K [0x0000000081e00000, 0x0000000100000000)
  region size 1024K, 17 young (17408K), 1 survivors (1024K)
 Metaspace       used 45384K, committed 45888K, reserved 1114112K
  class space    used 6038K, committed 6272K, reserved 1048576K
}
Event: 7.478 GC heap after
{Heap after GC invocations=13 (full 0):
 garbage-first heap   total 78848K, used 21095K [0x0000000081e00000, 0x0000000100000000)
  region size 1024K, 1 young (1024K), 1 survivors (1024K)
 Metaspace       used 45384K, committed 45888K, reserved 1114112K
  class space    used 6038K, committed 6272K, reserved 1048576K
}
Event: 8.616 GC heap before
{Heap before GC invocations=13 (full 0):
 garbage-first heap   total 78848K, used 60007K [0x0000000081e00000, 0x0000000100000000)
  region size 1024K, 39 young (39936K), 1 survivors (1024K)
 Metaspace       used 53471K, committed 54016K, reserved 1114112K
  class space    used 7294K, committed 7552K, reserved 1048576K
}
Event: 8.623 GC heap after
{Heap after GC invocations=14 (full 0):
 garbage-first heap   total 78848K, used 23769K [0x0000000081e00000, 0x0000000100000000)
  region size 1024K, 4 young (4096K), 4 survivors (4096K)
 Metaspace       used 53471K, committed 54016K, reserved 1114112K
  class space    used 7294K, committed 7552K, reserved 1048576K
}
Event: 77.494 GC heap before
{Heap before GC invocations=14 (full 0):
 garbage-first heap   total 78848K, used 60633K [0x0000000081e00000, 0x0000000100000000)
  region size 1024K, 40 young (40960K), 4 survivors (4096K)
 Metaspace       used 59295K, committed 59904K, reserved 1114112K
  class space    used 8046K, committed 8320K, reserved 1048576K
}
Event: 77.509 GC heap after
{Heap after GC invocations=15 (full 0):
 garbage-first heap   total 78848K, used 26663K [0x0000000081e00000, 0x0000000100000000)
  region size 1024K, 3 young (3072K), 3 survivors (3072K)
 Metaspace       used 59295K, committed 59904K, reserved 1114112K
  class space    used 8046K, committed 8320K, reserved 1048576K
}
Event: 77.600 GC heap before
{Heap before GC invocations=15 (full 0):
 garbage-first heap   total 78848K, used 27687K [0x0000000081e00000, 0x0000000100000000)
  region size 1024K, 5 young (5120K), 3 survivors (3072K)
 Metaspace       used 59735K, committed 60288K, reserved 1114112K
  class space    used 8103K, committed 8384K, reserved 1048576K
}
Event: 77.607 GC heap after
{Heap after GC invocations=16 (full 0):
 garbage-first heap   total 78848K, used 27055K [0x0000000081e00000, 0x0000000100000000)
  region size 1024K, 1 young (1024K), 1 survivors (1024K)
 Metaspace       used 59735K, committed 60288K, reserved 1114112K
  class space    used 8103K, committed 8384K, reserved 1048576K
}

