# JRE version: Java(TM) SE Runtime Environment (17.0.10+11) (build 17.0.10+11-LTS-240)
# Java VM: Java HotSpot(TM) 64-Bit Server VM (17.0.10+11-LTS-240, mixed mode, sharing, tiered, compressed oops, compressed class ptrs, g1 gc, windows-amd64)
GC Precious Log:
 CPUs: 4 total, 4 available
 Memory: 8067M
 Large Page Support: Disabled
 NUMA Support: Disabled
 Compressed Oops: Enabled (32-bit)
 Heap Region Size: 1M
 Heap Min Capacity: 8M
 Heap Initial Capacity: 128M
 Heap Max Capacity: 2018M
 Pre-touch: Disabled
 Parallel Workers: 4
 Concurrent Workers: 1
 Concurrent Refinement Workers: 4
 Periodic GC: Disabled
Heap:
 garbage-first heap   total 61440K, used 40331K [0x0000000081e00000, 0x0000000100000000)
  region size 1024K, 14 young (14336K), 1 survivors (1024K)
 Metaspace       used 60494K, committed 61056K, reserved 1114112K
  class space    used 8243K, committed 8512K, reserved 1048576K
GC Heap History (20 events):
Event: 5.610 GC heap before
{Heap before GC invocations=9 (full 0):
 garbage-first heap   total 61440K, used 25605K [0x0000000081e00000, 0x0000000100000000)
  region size 1024K, 11 young (11264K), 3 survivors (3072K)
 Metaspace       used 35733K, committed 36096K, reserved 1114112K
  class space    used 4684K, committed 4864K, reserved 1048576K
}
Event: 5.616 GC heap after
{Heap after GC invocations=10 (full 0):
 garbage-first heap   total 61440K, used 19186K [0x0000000081e00000, 0x0000000100000000)
  region size 1024K, 2 young (2048K), 2 survivors (2048K)
 Metaspace       used 35733K, committed 36096K, reserved 1114112K
  class space    used 4684K, committed 4864K, reserved 1048576K
}
Event: 6.377 GC heap before
{Heap before GC invocations=11 (full 0):
 garbage-first heap   total 61440K, used 45810K [0x0000000081e00000, 0x0000000100000000)
  region size 1024K, 29 young (29696K), 2 survivors (2048K)
 Metaspace       used 42469K, committed 42944K, reserved 1114112K
  class space    used 5573K, committed 5824K, reserved 1048576K
}
Event: 6.381 GC heap after
{Heap after GC invocations=12 (full 0):
 garbage-first heap   total 61440K, used 21396K [0x0000000081e00000, 0x0000000100000000)
  region size 1024K, 4 young (4096K), 4 survivors (4096K)
 Metaspace       used 42469K, committed 42944K, reserved 1114112K
  class space    used 5573K, committed 5824K, reserved 1048576K
}
Event: 6.412 GC heap before
{Heap before GC invocations=12 (full 0):
 garbage-first heap   total 61440K, used 21396K [0x0000000081e00000, 0x0000000100000000)
  region size 1024K, 5 young (5120K), 4 survivors (4096K)
 Metaspace       used 42799K, committed 43264K, reserved 1114112K
  class space    used 5603K, committed 5824K, reserved 1048576K
}
Event: 6.417 GC heap after
{Heap after GC invocations=13 (full 0):
 garbage-first heap   total 61440K, used 21505K [0x0000000081e00000, 0x0000000100000000)
  region size 1024K, 1 young (1024K), 1 survivors (1024K)
 Metaspace       used 42799K, committed 43264K, reserved 1114112K
  class space    used 5603K, committed 5824K, reserved 1048576K
}
Event: 7.136 GC heap before
{Heap before GC invocations=13 (full 0):
 garbage-first heap   total 61440K, used 46081K [0x0000000081e00000, 0x0000000100000000)
  region size 1024K, 26 young (26624K), 1 survivors (1024K)
 Metaspace       used 49956K, committed 50432K, reserved 1114112K
  class space    used 6769K, committed 6976K, reserved 1048576K
}
Event: 7.139 GC heap after
{Heap after GC invocations=14 (full 0):
 garbage-first heap   total 61440K, used 21959K [0x0000000081e00000, 0x0000000100000000)
  region size 1024K, 2 young (2048K), 2 survivors (2048K)
 Metaspace       used 49956K, committed 50432K, reserved 1114112K
  class space    used 6769K, committed 6976K, reserved 1048576K
}
Event: 8.001 GC heap before
{Heap before GC invocations=15 (full 0):
 garbage-first heap   total 61440K, used 46535K [0x0000000081e00000, 0x0000000100000000)
  region size 1024K, 27 young (27648K), 2 survivors (2048K)
 Metaspace       used 55306K, committed 55872K, reserved 1114112K
  class space    used 7525K, committed 7808K, reserved 1048576K
}
Event: 8.007 GC heap after
{Heap after GC invocations=16 (full 0):
 garbage-first heap   total 61440K, used 23825K [0x0000000081e00000, 0x0000000100000000)
  region size 1024K, 3 young (3072K), 3 survivors (3072K)
 Metaspace       used 55306K, committed 55872K, reserved 1114112K
  class space    used 7525K, committed 7808K, reserved 1048576K
}
Event: 8.648 GC heap before
{Heap before GC invocations=16 (full 0):
 garbage-first heap   total 61440K, used 48401K [0x0000000081e00000, 0x0000000100000000)
  region size 1024K, 27 young (27648K), 3 survivors (3072K)
 Metaspace       used 58565K, committed 59072K, reserved 1114112K
  class space    used 8000K, committed 8256K, reserved 1048576K
}
Event: 8.656 GC heap after
{Heap after GC invocations=17 (full 0):
 garbage-first heap   total 61440K, used 26319K [0x0000000081e00000, 0x0000000100000000)
  region size 1024K, 4 young (4096K), 4 survivors (4096K)
 Metaspace       used 58565K, committed 59072K, reserved 1114112K
  class space    used 8000K, committed 8256K, reserved 1048576K
}
Event: 210.091 GC heap before
{Heap before GC invocations=17 (full 0):
 garbage-first heap   total 61440K, used 48847K [0x0000000081e00000, 0x0000000100000000)
  region size 1024K, 26 young (26624K), 4 survivors (4096K)
 Metaspace       used 60314K, committed 60928K, reserved 1114112K
  class space    used 8230K, committed 8512K, reserved 1048576K
}
Event: 210.109 GC heap after
{Heap after GC invocations=18 (full 0):
 garbage-first heap   total 61440K, used 27759K [0x0000000081e00000, 0x0000000100000000)
  region size 1024K, 2 young (2048K), 2 survivors (2048K)
 Metaspace       used 60314K, committed 60928K, reserved 1114112K
  class space    used 8230K, committed 8512K, reserved 1048576K
}
Event: 7450.955 GC heap before
{Heap before GC invocations=18 (full 0):
 garbage-first heap   total 61440K, used 48239K [0x0000000081e00000, 0x0000000100000000)
  region size 1024K, 23 young (23552K), 2 survivors (2048K)
 Metaspace       used 60461K, committed 61056K, reserved 1114112K
  class space    used 8243K, committed 8512K, reserved 1048576K
}
Event: 7450.959 GC heap after
{Heap after GC invocations=19 (full 0):
 garbage-first heap   total 61440K, used 27975K [0x0000000081e00000, 0x0000000100000000)
  region size 1024K, 2 young (2048K), 2 survivors (2048K)
 Metaspace       used 60461K, committed 61056K, reserved 1114112K
  class space    used 8243K, committed 8512K, reserved 1048576K
}
Event: 8068.431 GC heap before
{Heap before GC invocations=19 (full 0):
 garbage-first heap   total 61440K, used 49479K [0x0000000081e00000, 0x0000000100000000)
  region size 1024K, 23 young (23552K), 2 survivors (2048K)
 Metaspace       used 60481K, committed 61056K, reserved 1114112K
  class space    used 8243K, committed 8512K, reserved 1048576K
}
Event: 8068.437 GC heap after
{Heap after GC invocations=20 (full 0):
 garbage-first heap   total 61440K, used 28249K [0x0000000081e00000, 0x0000000100000000)
  region size 1024K, 1 young (1024K), 1 survivors (1024K)
 Metaspace       used 60481K, committed 61056K, reserved 1114112K
  class space    used 8243K, committed 8512K, reserved 1048576K
}
Event: 8721.207 GC heap before
{Heap before GC invocations=20 (full 0):
 garbage-first heap   total 61440K, used 50777K [0x0000000081e00000, 0x0000000100000000)
  region size 1024K, 23 young (23552K), 1 survivors (1024K)
 Metaspace       used 60483K, committed 61056K, reserved 1114112K
  class space    used 8243K, committed 8512K, reserved 1048576K
}
Event: 8721.209 GC heap after
{Heap after GC invocations=21 (full 0):
 garbage-first heap   total 61440K, used 28043K [0x0000000081e00000, 0x0000000100000000)
  region size 1024K, 1 young (1024K), 1 survivors (1024K)
 Metaspace       used 60483K, committed 61056K, reserved 1114112K
  class space    used 8243K, committed 8512K, reserved 1048576K
}

