# JRE version: Java(TM) SE Runtime Environment (17.0.10+11) (build 17.0.10+11-LTS-240)
# Java VM: Java HotSpot(TM) 64-Bit Server VM (17.0.10+11-LTS-240, mixed mode, sharing, tiered, compressed oops, compressed class ptrs, g1 gc, windows-amd64)
GC Precious Log:
 CPUs: 4 total, 4 available
 Memory: 8067M
 Large Page Support: Disabled
 NUMA Support: Disabled
 Compressed Oops: Enabled (32-bit)
 Heap Region Size: 1M
 Heap Min Capacity: 8M
 Heap Initial Capacity: 128M
 Heap Max Capacity: 2018M
 Pre-touch: Disabled
 Parallel Workers: 4
 Concurrent Workers: 1
 Concurrent Refinement Workers: 4
 Periodic GC: Disabled
Heap:
 garbage-first heap   total 78848K, used 46835K [0x0000000081e00000, 0x0000000100000000)
  region size 1024K, 24 young (24576K), 1 survivors (1024K)
 Metaspace       used 57628K, committed 58240K, reserved 1114112K
  class space    used 7855K, committed 8128K, reserved 1048576K
GC Heap History (20 events):
Event: 4.165 GC heap before
{Heap before GC invocations=5 (full 0):
 garbage-first heap   total 48128K, used 34748K [0x0000000081e00000, 0x0000000100000000)
  region size 1024K, 28 young (28672K), 7 survivors (7168K)
 Metaspace       used 24851K, committed 25216K, reserved 1114112K
  class space    used 3157K, committed 3328K, reserved 1048576K
}
Event: 4.177 GC heap after
{Heap after GC invocations=6 (full 0):
 garbage-first heap   total 48128K, used 15657K [0x0000000081e00000, 0x0000000100000000)
  region size 1024K, 3 young (3072K), 3 survivors (3072K)
 Metaspace       used 24851K, committed 25216K, reserved 1114112K
  class space    used 3157K, committed 3328K, reserved 1048576K
}
Event: 4.211 GC heap before
{Heap before GC invocations=6 (full 0):
 garbage-first heap   total 48128K, used 16681K [0x0000000081e00000, 0x0000000100000000)
  region size 1024K, 4 young (4096K), 3 survivors (3072K)
 Metaspace       used 24987K, committed 25344K, reserved 1114112K
  class space    used 3191K, committed 3328K, reserved 1048576K
}
Event: 4.218 GC heap after
{Heap after GC invocations=7 (full 0):
 garbage-first heap   total 48128K, used 15757K [0x0000000081e00000, 0x0000000100000000)
  region size 1024K, 1 young (1024K), 1 survivors (1024K)
 Metaspace       used 24987K, committed 25344K, reserved 1114112K
  class space    used 3191K, committed 3328K, reserved 1048576K
}
Event: 4.774 GC heap before
{Heap before GC invocations=7 (full 0):
 garbage-first heap   total 48128K, used 33165K [0x0000000081e00000, 0x0000000100000000)
  region size 1024K, 18 young (18432K), 1 survivors (1024K)
 Metaspace       used 28155K, committed 28608K, reserved 1114112K
  class space    used 3581K, committed 3776K, reserved 1048576K
}
Event: 4.779 GC heap after
{Heap after GC invocations=8 (full 0):
 garbage-first heap   total 48128K, used 16642K [0x0000000081e00000, 0x0000000100000000)
  region size 1024K, 2 young (2048K), 2 survivors (2048K)
 Metaspace       used 28155K, committed 28608K, reserved 1114112K
  class space    used 3581K, committed 3776K, reserved 1048576K
}
Event: 5.510 GC heap before
{Heap before GC invocations=8 (full 0):
 garbage-first heap   total 48128K, used 34050K [0x0000000081e00000, 0x0000000100000000)
  region size 1024K, 19 young (19456K), 2 survivors (2048K)
 Metaspace       used 31677K, committed 32128K, reserved 1114112K
  class space    used 4075K, committed 4288K, reserved 1048576K
}
Event: 5.515 GC heap after
{Heap after GC invocations=9 (full 0):
 garbage-first heap   total 48128K, used 17572K [0x0000000081e00000, 0x0000000100000000)
  region size 1024K, 3 young (3072K), 3 survivors (3072K)
 Metaspace       used 31677K, committed 32128K, reserved 1114112K
  class space    used 4075K, committed 4288K, reserved 1048576K
}
Event: 6.054 GC heap before
{Heap before GC invocations=9 (full 0):
 garbage-first heap   total 48128K, used 30884K [0x0000000081e00000, 0x0000000100000000)
  region size 1024K, 18 young (18432K), 3 survivors (3072K)
 Metaspace       used 35723K, committed 36096K, reserved 1114112K
  class space    used 4685K, committed 4864K, reserved 1048576K
}
Event: 6.060 GC heap after
{Heap after GC invocations=10 (full 0):
 garbage-first heap   total 48128K, used 18463K [0x0000000081e00000, 0x0000000100000000)
  region size 1024K, 2 young (2048K), 2 survivors (2048K)
 Metaspace       used 35723K, committed 36096K, reserved 1114112K
  class space    used 4685K, committed 4864K, reserved 1048576K
}
Event: 6.696 GC heap before
{Heap before GC invocations=11 (full 0):
 garbage-first heap   total 48128K, used 34847K [0x0000000081e00000, 0x0000000100000000)
  region size 1024K, 19 young (19456K), 2 survivors (2048K)
 Metaspace       used 40425K, committed 40960K, reserved 1114112K
  class space    used 5323K, committed 5568K, reserved 1048576K
}
Event: 6.703 GC heap after
{Heap after GC invocations=12 (full 0):
 garbage-first heap   total 48128K, used 20362K [0x0000000081e00000, 0x0000000100000000)
  region size 1024K, 3 young (3072K), 3 survivors (3072K)
 Metaspace       used 40425K, committed 40960K, reserved 1114112K
  class space    used 5323K, committed 5568K, reserved 1048576K
}
Event: 6.726 GC heap before
{Heap before GC invocations=12 (full 0):
 garbage-first heap   total 48128K, used 20362K [0x0000000081e00000, 0x0000000100000000)
  region size 1024K, 4 young (4096K), 3 survivors (3072K)
 Metaspace       used 40653K, committed 41152K, reserved 1114112K
  class space    used 5352K, committed 5568K, reserved 1048576K
}
Event: 6.731 GC heap after
{Heap after GC invocations=13 (full 0):
 garbage-first heap   total 48128K, used 20224K [0x0000000081e00000, 0x0000000100000000)
  region size 1024K, 1 young (1024K), 1 survivors (1024K)
 Metaspace       used 40653K, committed 41152K, reserved 1114112K
  class space    used 5352K, committed 5568K, reserved 1048576K
}
Event: 7.163 GC heap before
{Heap before GC invocations=13 (full 0):
 garbage-first heap   total 48128K, used 35584K [0x0000000081e00000, 0x0000000100000000)
  region size 1024K, 16 young (16384K), 1 survivors (1024K)
 Metaspace       used 44651K, committed 45184K, reserved 1114112K
  class space    used 5797K, committed 6016K, reserved 1048576K
}
Event: 7.167 GC heap after
{Heap after GC invocations=14 (full 0):
 garbage-first heap   total 96256K, used 20794K [0x0000000081e00000, 0x0000000100000000)
  region size 1024K, 1 young (1024K), 1 survivors (1024K)
 Metaspace       used 44651K, committed 45184K, reserved 1114112K
  class space    used 5797K, committed 6016K, reserved 1048576K
}
Event: 8.440 GC heap before
{Heap before GC invocations=15 (full 0):
 garbage-first heap   total 78848K, used 66874K [0x0000000081e00000, 0x0000000100000000)
  region size 1024K, 46 young (47104K), 1 survivors (1024K)
 Metaspace       used 54136K, committed 54656K, reserved 1114112K
  class space    used 7411K, committed 7616K, reserved 1048576K
}
Event: 8.448 GC heap after
{Heap after GC invocations=16 (full 0):
 garbage-first heap   total 78848K, used 23911K [0x0000000081e00000, 0x0000000100000000)
  region size 1024K, 4 young (4096K), 4 survivors (4096K)
 Metaspace       used 54136K, committed 54656K, reserved 1114112K
  class space    used 7411K, committed 7616K, reserved 1048576K
}
Event: 8.479 GC heap before
{Heap before GC invocations=16 (full 0):
 garbage-first heap   total 78848K, used 24935K [0x0000000081e00000, 0x0000000100000000)
  region size 1024K, 5 young (5120K), 4 survivors (4096K)
 Metaspace       used 54259K, committed 54784K, reserved 1114112K
  class space    used 7427K, committed 7680K, reserved 1048576K
}
Event: 8.485 GC heap after
{Heap after GC invocations=17 (full 0):
 garbage-first heap   total 78848K, used 24307K [0x0000000081e00000, 0x0000000100000000)
  region size 1024K, 1 young (1024K), 1 survivors (1024K)
 Metaspace       used 54259K, committed 54784K, reserved 1114112K
  class space    used 7427K, committed 7680K, reserved 1048576K
}

