# JRE version: Java(TM) SE Runtime Environment (17.0.10+11) (build 17.0.10+11-LTS-240)
# Java VM: Java HotSpot(TM) 64-Bit Server VM (17.0.10+11-LTS-240, mixed mode, sharing, tiered, compressed oops, compressed class ptrs, g1 gc, windows-amd64)
GC Precious Log:
 CPUs: 4 total, 4 available
 Memory: 8067M
 Large Page Support: Disabled
 NUMA Support: Disabled
 Compressed Oops: Enabled (32-bit)
 Heap Region Size: 1M
 Heap Min Capacity: 8M
 Heap Initial Capacity: 128M
 Heap Max Capacity: 2018M
 Pre-touch: Disabled
 Parallel Workers: 4
 Concurrent Workers: 1
 Concurrent Refinement Workers: 4
 Periodic GC: Disabled
Heap:
 garbage-first heap   total 184320K, used 69666K [0x0000000081e00000, 0x0000000100000000)
  region size 1024K, 22 young (22528K), 2 survivors (2048K)
 Metaspace       used 67945K, committed 68480K, reserved 1114112K
  class space    used 9179K, committed 9408K, reserved 1048576K
GC Heap History (20 events):
Event: 10.077 GC heap before
{Heap before GC invocations=22 (full 0):
 garbage-first heap   total 66560K, used 53096K [0x0000000081e00000, 0x0000000100000000)
  region size 1024K, 27 young (27648K), 4 survivors (4096K)
 Metaspace       used 62043K, committed 62528K, reserved 1114112K
  class space    used 8433K, committed 8640K, reserved 1048576K
}
Event: 10.085 GC heap after
{Heap after GC invocations=23 (full 0):
 garbage-first heap   total 66560K, used 33561K [0x0000000081e00000, 0x0000000100000000)
  region size 1024K, 4 young (4096K), 4 survivors (4096K)
 Metaspace       used 62043K, committed 62528K, reserved 1114112K
  class space    used 8433K, committed 8640K, reserved 1048576K
}
Event: 10.253 GC heap before
{Heap before GC invocations=23 (full 0):
 garbage-first heap   total 66560K, used 50969K [0x0000000081e00000, 0x0000000100000000)
  region size 1024K, 22 young (22528K), 4 survivors (4096K)
 Metaspace       used 62123K, committed 62592K, reserved 1114112K
  class space    used 8435K, committed 8640K, reserved 1048576K
}
Event: 10.261 GC heap after
{Heap after GC invocations=24 (full 0):
 garbage-first heap   total 79872K, used 38691K [0x0000000081e00000, 0x0000000100000000)
  region size 1024K, 3 young (3072K), 3 survivors (3072K)
 Metaspace       used 62123K, committed 62592K, reserved 1114112K
  class space    used 8435K, committed 8640K, reserved 1048576K
}
Event: 10.394 GC heap before
{Heap before GC invocations=24 (full 0):
 garbage-first heap   total 79872K, used 47907K [0x0000000081e00000, 0x0000000100000000)
  region size 1024K, 13 young (13312K), 3 survivors (3072K)
 Metaspace       used 62242K, committed 62720K, reserved 1114112K
  class space    used 8447K, committed 8640K, reserved 1048576K
}
Event: 10.400 GC heap after
{Heap after GC invocations=25 (full 0):
 garbage-first heap   total 79872K, used 41776K [0x0000000081e00000, 0x0000000100000000)
  region size 1024K, 3 young (3072K), 3 survivors (3072K)
 Metaspace       used 62242K, committed 62720K, reserved 1114112K
  class space    used 8447K, committed 8640K, reserved 1048576K
}
Event: 10.648 GC heap before
{Heap before GC invocations=26 (full 0):
 garbage-first heap   total 86016K, used 59184K [0x0000000081e00000, 0x0000000100000000)
  region size 1024K, 20 young (20480K), 3 survivors (3072K)
 Metaspace       used 62249K, committed 62720K, reserved 1114112K
  class space    used 8447K, committed 8640K, reserved 1048576K
}
Event: 10.655 GC heap after
{Heap after GC invocations=27 (full 0):
 garbage-first heap   total 86016K, used 45407K [0x0000000081e00000, 0x0000000100000000)
  region size 1024K, 3 young (3072K), 3 survivors (3072K)
 Metaspace       used 62249K, committed 62720K, reserved 1114112K
  class space    used 8447K, committed 8640K, reserved 1048576K
}
Event: 10.766 GC heap before
{Heap before GC invocations=27 (full 0):
 garbage-first heap   total 86016K, used 61791K [0x0000000081e00000, 0x0000000100000000)
  region size 1024K, 20 young (20480K), 3 survivors (3072K)
 Metaspace       used 62264K, committed 62720K, reserved 1114112K
  class space    used 8447K, committed 8640K, reserved 1048576K
}
Event: 10.774 GC heap after
{Heap after GC invocations=28 (full 0):
 garbage-first heap   total 86016K, used 51360K [0x0000000081e00000, 0x0000000100000000)
  region size 1024K, 3 young (3072K), 3 survivors (3072K)
 Metaspace       used 62264K, committed 62720K, reserved 1114112K
  class space    used 8447K, committed 8640K, reserved 1048576K
}
Event: 11.014 GC heap before
{Heap before GC invocations=29 (full 0):
 garbage-first heap   total 92160K, used 65696K [0x0000000081e00000, 0x0000000100000000)
  region size 1024K, 16 young (16384K), 3 survivors (3072K)
 Metaspace       used 62338K, committed 62848K, reserved 1114112K
  class space    used 8447K, committed 8640K, reserved 1048576K
}
Event: 11.019 GC heap after
{Heap after GC invocations=30 (full 0):
 garbage-first heap   total 92160K, used 55296K [0x0000000081e00000, 0x0000000100000000)
  region size 1024K, 2 young (2048K), 2 survivors (2048K)
 Metaspace       used 62338K, committed 62848K, reserved 1114112K
  class space    used 8447K, committed 8640K, reserved 1048576K
}
Event: 11.024 GC heap before
{Heap before GC invocations=30 (full 0):
 garbage-first heap   total 92160K, used 57344K [0x0000000081e00000, 0x0000000100000000)
  region size 1024K, 4 young (4096K), 2 survivors (2048K)
 Metaspace       used 62338K, committed 62848K, reserved 1114112K
  class space    used 8447K, committed 8640K, reserved 1048576K
}
Event: 11.028 GC heap after
{Heap after GC invocations=31 (full 0):
 garbage-first heap   total 92160K, used 48668K [0x0000000081e00000, 0x0000000100000000)
  region size 1024K, 1 young (1024K), 1 survivors (1024K)
 Metaspace       used 62338K, committed 62848K, reserved 1114112K
  class space    used 8447K, committed 8640K, reserved 1048576K
}
Event: 11.135 GC heap before
{Heap before GC invocations=31 (full 0):
 garbage-first heap   total 92160K, used 67100K [0x0000000081e00000, 0x0000000100000000)
  region size 1024K, 20 young (20480K), 1 survivors (1024K)
 Metaspace       used 62345K, committed 62848K, reserved 1114112K
  class space    used 8447K, committed 8640K, reserved 1048576K
}
Event: 11.143 GC heap after
{Heap after GC invocations=32 (full 0):
 garbage-first heap   total 198656K, used 52640K [0x0000000081e00000, 0x0000000100000000)
  region size 1024K, 3 young (3072K), 3 survivors (3072K)
 Metaspace       used 62345K, committed 62848K, reserved 1114112K
  class space    used 8447K, committed 8640K, reserved 1048576K
}
Event: 12.133 GC heap before
{Heap before GC invocations=33 (full 0):
 garbage-first heap   total 184320K, used 124320K [0x0000000081e00000, 0x0000000100000000)
  region size 1024K, 80 young (81920K), 3 survivors (3072K)
 Metaspace       used 64806K, committed 65408K, reserved 1114112K
  class space    used 8772K, committed 9024K, reserved 1048576K
}
Event: 12.146 GC heap after
{Heap after GC invocations=34 (full 0):
 garbage-first heap   total 184320K, used 51217K [0x0000000081e00000, 0x0000000100000000)
  region size 1024K, 9 young (9216K), 9 survivors (9216K)
 Metaspace       used 64806K, committed 65408K, reserved 1114112K
  class space    used 8772K, committed 9024K, reserved 1048576K
}
Event: 17.866 GC heap before
{Heap before GC invocations=34 (full 0):
 garbage-first heap   total 184320K, used 52241K [0x0000000081e00000, 0x0000000100000000)
  region size 1024K, 10 young (10240K), 9 survivors (9216K)
 Metaspace       used 65104K, committed 65728K, reserved 1114112K
  class space    used 8814K, committed 9088K, reserved 1048576K
}
Event: 17.875 GC heap after
{Heap after GC invocations=35 (full 0):
 garbage-first heap   total 184320K, used 51234K [0x0000000081e00000, 0x0000000100000000)
  region size 1024K, 2 young (2048K), 2 survivors (2048K)
 Metaspace       used 65104K, committed 65728K, reserved 1114112K
  class space    used 8814K, committed 9088K, reserved 1048576K
}

